=============================================
 Apache Sentinel — Latency Tester v2
 Total per level: 5000 | Max concurrency: 100
=============================================

[OK] Server is in development mode

[BASELINE] blockedIps=0 panic=false cpu=0

--- Concurrency = 1 ---
  wall=3335ms throughput=1499 req/s
  latency mean=0.63ms p50=0.40ms p95=0.84ms p99=6.67ms max=43.47ms
  statuses: {"200":5000}

--- Concurrency = 10 ---
  wall=1200ms throughput=4167 req/s
  latency mean=2.34ms p50=1.85ms p95=5.39ms p99=9.86ms max=19.05ms
  statuses: {"200":5000}

--- Concurrency = 50 ---
  wall=1081ms throughput=4625 req/s
  latency mean=10.49ms p50=9.82ms p95=16.42ms p99=22.94ms max=36.93ms
  statuses: {"200":5000}

--- Concurrency = 100 ---
  wall=953ms throughput=5247 req/s
  latency mean=18.83ms p50=18.80ms p95=20.72ms p99=32.52ms max=44.30ms
  statuses: {"200":5000}

=============================================
 LATENCY SUMMARY
=============================================
      Conc  Wall(ms)       RPS      Mean       P50       P95       P99       Max
------------------------------------------------------------------------------------------
         1      3335      1499      0.63      0.40      0.84      6.67     43.47
        10      1200      4167      2.34      1.85      5.39      9.86     19.05
        50      1081      4625     10.49      9.82     16.42     22.94     36.93
       100       953      5247     18.83     18.80     20.72     32.52     44.30
------------------------------------------------------------------------------------------

[JSON_RESULTS_BEGIN]
{
  "totalPerLevel": 5000,
  "maxConcurrency": 100,
  "baseline": {
    "totalLogsAnalyzed": 40368,
    "activeBlockedIps": 0,
    "currentCpuUsage": 0,
    "isDosPanicMode": false,
    "isDdosPanicMode": false,
    "globalThreshold": 120,
    "trafficHistory": [
      {
        "time": "21:01:20",
        "requests": 0
      },
      {
        "time": "21:01:25",
        "requests": 0
      },
      {
        "time": "21:01:30",
        "requests": 332
      },
      {
        "time": "21:01:35",
        "requests": 0
      },
      {
        "time": "21:01:40",
        "requests": 50
      },
      {
        "time": "21:01:45",
        "requests": 0
      },
      {
        "time": "21:01:50",
        "requests": 0
      },
      {
        "time": "21:01:55",
        "requests": 0
      },
      {
        "time": "21:02:00",
        "requests": 0
      },
      {
        "time": "21:02:05",
        "requests": 0
      },
      {
        "time": "21:02:10",
        "requests": 0
      },
      {
        "time": "21:02:15",
        "requests": 0
      }
    ]
  },
  "finalSnapshot": {
    "totalLogsAnalyzed": 60368,
    "activeBlockedIps": 0,
    "currentCpuUsage": 0,
    "isDosPanicMode": false,
    "isDdosPanicMode": false,
    "globalThreshold": 120,
    "trafficHistory": [
      {
        "time": "21:01:50",
        "requests": 0
      },
      {
        "time": "21:01:55",
        "requests": 0
      },
      {
        "time": "21:02:00",
        "requests": 0
      },
      {
        "time": "21:02:05",
        "requests": 0
      },
      {
        "time": "21:02:10",
        "requests": 0
      },
      {
        "time": "21:02:15",
        "requests": 0
      },
      {
        "time": "21:02:20",
        "requests": 305
      },
      {
        "time": "21:02:25",
        "requests": 9695
      },
      {
        "time": "21:02:30",
        "requests": 0
      },
      {
        "time": "21:02:35",
        "requests": 0
      },
      {
        "time": "21:02:40",
        "requests": 2110
      },
      {
        "time": "21:02:45",
        "requests": 6448
      }
    ]
  },
  "summaries": [
    {
      "concurrency": 1,
      "total": 5000,
      "wallMs": 3335,
      "throughput": 1499.2503748125937,
      "latency": {
        "mean": 0.6291533399999996,
        "p50": 0.4022,
        "p95": 0.8352,
        "p99": 6.6742,
        "max": 43.4742
      },
      "statuses": {
        "200": 5000
      }
    },
    {
      "concurrency": 10,
      "total": 5000,
      "wallMs": 1200,
      "throughput": 4166.666666666667,
      "latency": {
        "mean": 2.335288299999997,
        "p50": 1.8483,
        "p95": 5.3855,
        "p99": 9.8558,
        "max": 19.0486
      },
      "statuses": {
        "200": 5000
      }
    },
    {
      "concurrency": 50,
      "total": 5000,
      "wallMs": 1081,
      "throughput": 4625.346901017577,
      "latency": {
        "mean": 10.489729899999974,
        "p50": 9.8214,
        "p95": 16.4219,
        "p99": 22.9426,
        "max": 36.9349
      },
      "statuses": {
        "200": 5000
      }
    },
    {
      "concurrency": 100,
      "total": 5000,
      "wallMs": 953,
      "throughput": 5246.589716684155,
      "latency": {
        "mean": 18.83229643999995,
        "p50": 18.7988,
        "p95": 20.72,
        "p99": 32.5158,
        "max": 44.2962
      },
      "statuses": {
        "200": 5000
      }
    }
  ]
}
[JSON_RESULTS_END]
